Cannot add <kivymd.uix.button.button.MDRaisedButton object at 0x157942dc0>, it already has a parent <kivymd.uix.boxlayout.MDBoxLayout object at 0x11f88a0a0>: 
Traceback (most recent call last):
  File "/Volumes/SSD.DATA/Leo/CODING/PYTHON/DEV/bootableMacos/main.py", line 74, in <module>
    app.run()
  File "/Volumes/SSD.DATA/Leo/CODING/PYTHON/DEV/bootableMacos/env/lib/python3.10/site-packages/kivy/app.py", line 956, in run
    runTouchApp()
  File "/Volumes/SSD.DATA/Leo/CODING/PYTHON/DEV/bootableMacos/env/lib/python3.10/site-packages/kivy/base.py", line 574, in runTouchApp
    EventLoop.mainloop()
  File "/Volumes/SSD.DATA/Leo/CODING/PYTHON/DEV/bootableMacos/env/lib/python3.10/site-packages/kivy/base.py", line 339, in mainloop
    self.idle()
  File "/Volumes/SSD.DATA/Leo/CODING/PYTHON/DEV/bootableMacos/env/lib/python3.10/site-packages/kivy/base.py", line 379, in idle
    Clock.tick()
  File "/Volumes/SSD.DATA/Leo/CODING/PYTHON/DEV/bootableMacos/env/lib/python3.10/site-packages/kivy/clock.py", line 733, in tick
    self.post_idle(ts, self.idle())
  File "/Volumes/SSD.DATA/Leo/CODING/PYTHON/DEV/bootableMacos/env/lib/python3.10/site-packages/kivy/clock.py", line 776, in post_idle
    self._process_events()
  File "kivy/_clock.pyx", line 620, in kivy._clock.CyClockBase._process_events
  File "kivy/_clock.pyx", line 653, in kivy._clock.CyClockBase._process_events
  File "kivy/_clock.pyx", line 649, in kivy._clock.CyClockBase._process_events
  File "kivy/_clock.pyx", line 218, in kivy._clock.ClockEvent.tick
  File "/Volumes/SSD.DATA/Leo/CODING/PYTHON/DEV/bootableMacos/env/lib/python3.10/site-packages/kivy/animation.py", line 370, in _update
    self.stop(widget)
  File "/Volumes/SSD.DATA/Leo/CODING/PYTHON/DEV/bootableMacos/env/lib/python3.10/site-packages/kivy/animation.py", line 236, in stop
    self.dispatch('on_complete', widget)
  File "kivy/_event.pyx", line 727, in kivy._event.EventDispatcher.dispatch
  File "kivy/_event.pyx", line 1307, in kivy._event.EventObservers.dispatch
  File "kivy/_event.pyx", line 1231, in kivy._event.EventObservers._dispatch
  File "/Volumes/SSD.DATA/Leo/CODING/PYTHON/DEV/bootableMacos/env/lib/python3.10/site-packages/kivy/uix/screenmanager.py", line 419, in _on_complete
    self.screen_in.dispatch('on_enter')
  File "kivy/_event.pyx", line 731, in kivy._event.EventDispatcher.dispatch
  File "/Volumes/SSD.DATA/Leo/CODING/PYTHON/DEV/bootableMacos/screens/win.py", line 55, in on_enter
    self.create = MDBoxLayout(
  File "/Volumes/SSD.DATA/Leo/CODING/PYTHON/DEV/bootableMacos/env/lib/python3.10/site-packages/kivymd/uix/behaviors/declarative_behavior.py", line 315, in __init__
    self.add_widget(child)
  File "/Volumes/SSD.DATA/Leo/CODING/PYTHON/DEV/bootableMacos/env/lib/python3.10/site-packages/kivy/uix/boxlayout.py", line 327, in add_widget
    return super(BoxLayout, self).add_widget(widget, *args, **kwargs)
  File "/Volumes/SSD.DATA/Leo/CODING/PYTHON/DEV/bootableMacos/env/lib/python3.10/site-packages/kivy/uix/layout.py", line 97, in add_widget
    super(Layout, self).add_widget(widget, *args, **kwargs)
  File "/Volumes/SSD.DATA/Leo/CODING/PYTHON/DEV/bootableMacos/env/lib/python3.10/site-packages/kivy/uix/widget.py", line 662, in add_widget
    raise WidgetException('Cannot add %r, it already has a parent %r'
kivy.uix.widget.WidgetException: Cannot add <kivymd.uix.button.button.MDRaisedButton object at 0x157942dc0>, it already has a parent <kivymd.uix.boxlayout.MDBoxLayout object at 0x11f88a0a0>
